EDSR_transpose_B2_F16_S4 27.015
EDSR_transpose_B2_F24_S4 27.628
EDSR_transpose_B2_F32_S4 27.921
EDSR_transpose_B2_F16_S4 27.015
EDSR_transpose_B2_F24_S4 27.628
EDSR_transpose_B2_F32_S4 27.921
EDSR_transpose_B2_F48_S4 28.564
EDSR_transpose_B4_F16_S4 28.084
EDSR_transpose_B4_F24_S4 28.475
EDSR_transpose_B4_F32_S4 29.281
EDSR_transpose_B4_F48_S4 30.103
EDSR_transpose_B6_F16_S4 28.565
EDSR_transpose_B6_F24_S4 29.375
EDSR_transpose_B6_F32_S4 29.945
EDSR_transpose_B6_F48_S4 30.701
EDSR_transpose_B8_F16_S4 28.804
EDSR_transpose_B8_F24_S4 29.816
EDSR_transpose_B8_F32_S4 30.36
EDSR_transpose_B8_F48_S4 31.081
EDSR_v2_resize_bilinear_B4_F32_RF16_S4 28.308
EDSR_v2_resize_bilinear_B4_F32_RF24_S4 28.378
EDSR_v2_resize_bilinear_B4_F32_RF32_S4 28.429
EDSR_v2_resize_bilinear_B4_F32_RF48_S4 28.429
EDSR_v1_transpose_B4_F16_S4 26.808
EDSR_v1_transpose_B4_F24_S4 27.426
EDSR_v1_transpose_B4_F32_S4 27.611
EDSR_v1_transpose_B4_F48_S4 27.821
EDSR_v2_resize_bilinear_B4_F32_RF4_S4 27.975
EDSR_v2_resize_bilinear_B4_F32_RF8_S4 28.251
EDSR_transpose_B8_F32_S4 30.366
EDSR_transpose_B8_F32_S4 30.358
EDSR_v4_transpose_B4_F32_S4 29.475
