# ../../libvpx/configure --force-target=armv8-android-gcc --sdk-path=/home/martin/Desktop/android-ndk-r14b --enable-neon --enable-internal-stats --enable-snpe --disable-examples --disable-docs --enable-realtime-only --disable-vp8 --enable-libyuv --disable-runtime-cpu-detect --disable-internal-stats --extra-cflags=     -isystem /home/martin/Desktop/android-ndk-r14b/sysroot/usr/include/arm-linux-androideabi     -isystem /home/martin/Desktop/android-ndk-r14b/sysroot/usr/include   
  enabling vp9_encoder
  enabling vp9_decoder
Configuring for target 'armv8-android-gcc'
  enabling armv8
add_asflags --defsym ARCHITECTURE=8
check_cxxflags -march=armv8-a
check_cxx -Werror -march=armv8-a
BEGIN /tmp/vpx-conf-23504-29351.cc
     1	int x;
END /tmp/vpx-conf-23504-29351.cc
g++ -Werror -march=armv8-a -c -o /tmp/vpx-conf-23504-29351.o /tmp/vpx-conf-23504-29351.cc
/tmp/vpx-conf-23504-29351.cc:1:0: error: bad value (armv8-a) for -march= switch
 int x;
 ^
check_cflags -march=armv8-a
check_cc -Werror -march=armv8-a
BEGIN /tmp/vpx-conf-23504-29351.c
     1	int x;
END /tmp/vpx-conf-23504-29351.c
gcc -Werror -march=armv8-a -c -o /tmp/vpx-conf-23504-29351.o /tmp/vpx-conf-23504-29351.c
/tmp/vpx-conf-23504-29351.c:1:0: error: bad value (armv8-a) for -march= switch
 int x;
 ^
add_asflags -march=armv8-a
check_cxxflags -DNDEBUG
check_cxx -Werror -DNDEBUG
BEGIN /tmp/vpx-conf-23504-29351.cc
     1	int x;
END /tmp/vpx-conf-23504-29351.cc
/home/martin/Desktop/android-ndk-r14b/toolchains/arm-linux-androideabi-4.9/prebuilt/linux-x86_64/bin/arm-linux-androideabi-g++ --sysroot=/home/martin/Desktop/android-ndk-r14b/platforms/android-24/arch-arm -Werror -DNDEBUG -c -o /tmp/vpx-conf-23504-29351.o /tmp/vpx-conf-23504-29351.cc
check_cflags -DNDEBUG
check_cc -Werror -DNDEBUG
BEGIN /tmp/vpx-conf-23504-29351.c
     1	int x;
END /tmp/vpx-conf-23504-29351.c
/home/martin/Desktop/android-ndk-r14b/toolchains/arm-linux-androideabi-4.9/prebuilt/linux-x86_64/bin/arm-linux-androideabi-gcc --sysroot=/home/martin/Desktop/android-ndk-r14b/platforms/android-24/arch-arm -Werror -DNDEBUG -c -o /tmp/vpx-conf-23504-29351.o /tmp/vpx-conf-23504-29351.c
check_cxxflags -O3
check_cxx -Werror -O3
BEGIN /tmp/vpx-conf-23504-29351.cc
     1	int x;
END /tmp/vpx-conf-23504-29351.cc
/home/martin/Desktop/android-ndk-r14b/toolchains/arm-linux-androideabi-4.9/prebuilt/linux-x86_64/bin/arm-linux-androideabi-g++ --sysroot=/home/martin/Desktop/android-ndk-r14b/platforms/android-24/arch-arm -DNDEBUG -Werror -O3 -c -o /tmp/vpx-conf-23504-29351.o /tmp/vpx-conf-23504-29351.cc
check_cflags -O3
check_cc -Werror -O3
BEGIN /tmp/vpx-conf-23504-29351.c
     1	int x;
END /tmp/vpx-conf-23504-29351.c
/home/martin/Desktop/android-ndk-r14b/toolchains/arm-linux-androideabi-4.9/prebuilt/linux-x86_64/bin/arm-linux-androideabi-gcc --sysroot=/home/martin/Desktop/android-ndk-r14b/platforms/android-24/arch-arm -DNDEBUG -Werror -O3 -c -o /tmp/vpx-conf-23504-29351.o /tmp/vpx-conf-23504-29351.c
check_cxxflags -fPIC
check_cxx -Werror -fPIC
BEGIN /tmp/vpx-conf-23504-29351.cc
     1	int x;
END /tmp/vpx-conf-23504-29351.cc
/home/martin/Desktop/android-ndk-r14b/toolchains/arm-linux-androideabi-4.9/prebuilt/linux-x86_64/bin/arm-linux-androideabi-g++ --sysroot=/home/martin/Desktop/android-ndk-r14b/platforms/android-24/arch-arm -DNDEBUG -O3 -Werror -fPIC -c -o /tmp/vpx-conf-23504-29351.o /tmp/vpx-conf-23504-29351.cc
check_cflags -fPIC
check_cc -Werror -fPIC
BEGIN /tmp/vpx-conf-23504-29351.c
     1	int x;
END /tmp/vpx-conf-23504-29351.c
/home/martin/Desktop/android-ndk-r14b/toolchains/arm-linux-androideabi-4.9/prebuilt/linux-x86_64/bin/arm-linux-androideabi-gcc --sysroot=/home/martin/Desktop/android-ndk-r14b/platforms/android-24/arch-arm -DNDEBUG -O3 -Werror -fPIC -c -o /tmp/vpx-conf-23504-29351.o /tmp/vpx-conf-23504-29351.c
check_cc
BEGIN /tmp/vpx-conf-23504-29351.c
     1	unsigned int e = 'O'<<24 | '2'<<16 | 'B'<<8 | 'E';
END /tmp/vpx-conf-23504-29351.c
/home/martin/Desktop/android-ndk-r14b/toolchains/arm-linux-androideabi-4.9/prebuilt/linux-x86_64/bin/arm-linux-androideabi-gcc --sysroot=/home/martin/Desktop/android-ndk-r14b/platforms/android-24/arch-arm -DNDEBUG -O3 -fPIC -c -o /tmp/vpx-conf-23504-29351.o /tmp/vpx-conf-23504-29351.c
check_cc
BEGIN /tmp/vpx-conf-23504-29351.c
     1	static inline function() {}
END /tmp/vpx-conf-23504-29351.c
/home/martin/Desktop/android-ndk-r14b/toolchains/arm-linux-androideabi-4.9/prebuilt/linux-x86_64/bin/arm-linux-androideabi-gcc --sysroot=/home/martin/Desktop/android-ndk-r14b/platforms/android-24/arch-arm -DNDEBUG -O3 -fPIC -c -o /tmp/vpx-conf-23504-29351.o /tmp/vpx-conf-23504-29351.c
check_cxxflags -Wall
check_cxx -Werror -Wall
BEGIN /tmp/vpx-conf-23504-29351.cc
     1	int x;
END /tmp/vpx-conf-23504-29351.cc
/home/martin/Desktop/android-ndk-r14b/toolchains/arm-linux-androideabi-4.9/prebuilt/linux-x86_64/bin/arm-linux-androideabi-g++ --sysroot=/home/martin/Desktop/android-ndk-r14b/platforms/android-24/arch-arm -DNDEBUG -O3 -fPIC -Werror -Wall -c -o /tmp/vpx-conf-23504-29351.o /tmp/vpx-conf-23504-29351.cc
check_cflags -Wall
check_cc -Werror -Wall
BEGIN /tmp/vpx-conf-23504-29351.c
     1	int x;
END /tmp/vpx-conf-23504-29351.c
/home/martin/Desktop/android-ndk-r14b/toolchains/arm-linux-androideabi-4.9/prebuilt/linux-x86_64/bin/arm-linux-androideabi-gcc --sysroot=/home/martin/Desktop/android-ndk-r14b/platforms/android-24/arch-arm -DNDEBUG -O3 -fPIC -Werror -Wall -c -o /tmp/vpx-conf-23504-29351.o /tmp/vpx-conf-23504-29351.c
check_cxxflags -Wdeclaration-after-statement
check_cxx -Werror -Wdeclaration-after-statement
BEGIN /tmp/vpx-conf-23504-29351.cc
     1	int x;
END /tmp/vpx-conf-23504-29351.cc
/home/martin/Desktop/android-ndk-r14b/toolchains/arm-linux-androideabi-4.9/prebuilt/linux-x86_64/bin/arm-linux-androideabi-g++ --sysroot=/home/martin/Desktop/android-ndk-r14b/platforms/android-24/arch-arm -DNDEBUG -O3 -fPIC -Wall -Werror -Wdeclaration-after-statement -c -o /tmp/vpx-conf-23504-29351.o /tmp/vpx-conf-23504-29351.cc
cc1plus: error: command line option '-Wdeclaration-after-statement' is valid for C/ObjC but not for C++ [-Werror]
cc1plus: all warnings being treated as errors
check_cflags -Wdeclaration-after-statement
check_cc -Werror -Wdeclaration-after-statement
BEGIN /tmp/vpx-conf-23504-29351.c
     1	int x;
END /tmp/vpx-conf-23504-29351.c
/home/martin/Desktop/android-ndk-r14b/toolchains/arm-linux-androideabi-4.9/prebuilt/linux-x86_64/bin/arm-linux-androideabi-gcc --sysroot=/home/martin/Desktop/android-ndk-r14b/platforms/android-24/arch-arm -DNDEBUG -O3 -fPIC -Wall -Werror -Wdeclaration-after-statement -c -o /tmp/vpx-conf-23504-29351.o /tmp/vpx-conf-23504-29351.c
check_cxxflags -Wdisabled-optimization
check_cxx -Werror -Wdisabled-optimization
BEGIN /tmp/vpx-conf-23504-29351.cc
     1	int x;
END /tmp/vpx-conf-23504-29351.cc
/home/martin/Desktop/android-ndk-r14b/toolchains/arm-linux-androideabi-4.9/prebuilt/linux-x86_64/bin/arm-linux-androideabi-g++ --sysroot=/home/martin/Desktop/android-ndk-r14b/platforms/android-24/arch-arm -DNDEBUG -O3 -fPIC -Wall -Werror -Wdisabled-optimization -c -o /tmp/vpx-conf-23504-29351.o /tmp/vpx-conf-23504-29351.cc
check_cflags -Wdisabled-optimization
check_cc -Werror -Wdisabled-optimization
BEGIN /tmp/vpx-conf-23504-29351.c
     1	int x;
END /tmp/vpx-conf-23504-29351.c
/home/martin/Desktop/android-ndk-r14b/toolchains/arm-linux-androideabi-4.9/prebuilt/linux-x86_64/bin/arm-linux-androideabi-gcc --sysroot=/home/martin/Desktop/android-ndk-r14b/platforms/android-24/arch-arm -DNDEBUG -O3 -fPIC -Wall -Wdeclaration-after-statement -Werror -Wdisabled-optimization -c -o /tmp/vpx-conf-23504-29351.o /tmp/vpx-conf-23504-29351.c
check_cxxflags -Wfloat-conversion
check_cxx -Werror -Wfloat-conversion
BEGIN /tmp/vpx-conf-23504-29351.cc
     1	int x;
END /tmp/vpx-conf-23504-29351.cc
/home/martin/Desktop/android-ndk-r14b/toolchains/arm-linux-androideabi-4.9/prebuilt/linux-x86_64/bin/arm-linux-androideabi-g++ --sysroot=/home/martin/Desktop/android-ndk-r14b/platforms/android-24/arch-arm -DNDEBUG -O3 -fPIC -Wall -Wdisabled-optimization -Werror -Wfloat-conversion -c -o /tmp/vpx-conf-23504-29351.o /tmp/vpx-conf-23504-29351.cc
check_cflags -Wfloat-conversion
check_cc -Werror -Wfloat-conversion
BEGIN /tmp/vpx-conf-23504-29351.c
     1	int x;
END /tmp/vpx-conf-23504-29351.c
/home/martin/Desktop/android-ndk-r14b/toolchains/arm-linux-androideabi-4.9/prebuilt/linux-x86_64/bin/arm-linux-androideabi-gcc --sysroot=/home/martin/Desktop/android-ndk-r14b/platforms/android-24/arch-arm -DNDEBUG -O3 -fPIC -Wall -Wdeclaration-after-statement -Wdisabled-optimization -Werror -Wfloat-conversion -c -o /tmp/vpx-conf-23504-29351.o /tmp/vpx-conf-23504-29351.c
check_cxxflags -Wparentheses-equality
check_cxx -Werror -Wparentheses-equality
BEGIN /tmp/vpx-conf-23504-29351.cc
     1	int x;
END /tmp/vpx-conf-23504-29351.cc
/home/martin/Desktop/android-ndk-r14b/toolchains/arm-linux-androideabi-4.9/prebuilt/linux-x86_64/bin/arm-linux-androideabi-g++ --sysroot=/home/martin/Desktop/android-ndk-r14b/platforms/android-24/arch-arm -DNDEBUG -O3 -fPIC -Wall -Wdisabled-optimization -Wfloat-conversion -Werror -Wparentheses-equality -c -o /tmp/vpx-conf-23504-29351.o /tmp/vpx-conf-23504-29351.cc
arm-linux-androideabi-g++: error: unrecognized command line option '-Wparentheses-equality'
check_cflags -Wparentheses-equality
check_cc -Werror -Wparentheses-equality
BEGIN /tmp/vpx-conf-23504-29351.c
     1	int x;
END /tmp/vpx-conf-23504-29351.c
/home/martin/Desktop/android-ndk-r14b/toolchains/arm-linux-androideabi-4.9/prebuilt/linux-x86_64/bin/arm-linux-androideabi-gcc --sysroot=/home/martin/Desktop/android-ndk-r14b/platforms/android-24/arch-arm -DNDEBUG -O3 -fPIC -Wall -Wdeclaration-after-statement -Wdisabled-optimization -Wfloat-conversion -Werror -Wparentheses-equality -c -o /tmp/vpx-conf-23504-29351.o /tmp/vpx-conf-23504-29351.c
arm-linux-androideabi-gcc: error: unrecognized command line option '-Wparentheses-equality'
check_cxxflags -Wpointer-arith
check_cxx -Werror -Wpointer-arith
BEGIN /tmp/vpx-conf-23504-29351.cc
     1	int x;
END /tmp/vpx-conf-23504-29351.cc
/home/martin/Desktop/android-ndk-r14b/toolchains/arm-linux-androideabi-4.9/prebuilt/linux-x86_64/bin/arm-linux-androideabi-g++ --sysroot=/home/martin/Desktop/android-ndk-r14b/platforms/android-24/arch-arm -DNDEBUG -O3 -fPIC -Wall -Wdisabled-optimization -Wfloat-conversion -Werror -Wpointer-arith -c -o /tmp/vpx-conf-23504-29351.o /tmp/vpx-conf-23504-29351.cc
check_cflags -Wpointer-arith
check_cc -Werror -Wpointer-arith
BEGIN /tmp/vpx-conf-23504-29351.c
     1	int x;
END /tmp/vpx-conf-23504-29351.c
/home/martin/Desktop/android-ndk-r14b/toolchains/arm-linux-androideabi-4.9/prebuilt/linux-x86_64/bin/arm-linux-androideabi-gcc --sysroot=/home/martin/Desktop/android-ndk-r14b/platforms/android-24/arch-arm -DNDEBUG -O3 -fPIC -Wall -Wdeclaration-after-statement -Wdisabled-optimization -Wfloat-conversion -Werror -Wpointer-arith -c -o /tmp/vpx-conf-23504-29351.o /tmp/vpx-conf-23504-29351.c
check_cxxflags -Wtype-limits
check_cxx -Werror -Wtype-limits
BEGIN /tmp/vpx-conf-23504-29351.cc
     1	int x;
END /tmp/vpx-conf-23504-29351.cc
/home/martin/Desktop/android-ndk-r14b/toolchains/arm-linux-androideabi-4.9/prebuilt/linux-x86_64/bin/arm-linux-androideabi-g++ --sysroot=/home/martin/Desktop/android-ndk-r14b/platforms/android-24/arch-arm -DNDEBUG -O3 -fPIC -Wall -Wdisabled-optimization -Wfloat-conversion -Wpointer-arith -Werror -Wtype-limits -c -o /tmp/vpx-conf-23504-29351.o /tmp/vpx-conf-23504-29351.cc
check_cflags -Wtype-limits
check_cc -Werror -Wtype-limits
BEGIN /tmp/vpx-conf-23504-29351.c
     1	int x;
END /tmp/vpx-conf-23504-29351.c
/home/martin/Desktop/android-ndk-r14b/toolchains/arm-linux-androideabi-4.9/prebuilt/linux-x86_64/bin/arm-linux-androideabi-gcc --sysroot=/home/martin/Desktop/android-ndk-r14b/platforms/android-24/arch-arm -DNDEBUG -O3 -fPIC -Wall -Wdeclaration-after-statement -Wdisabled-optimization -Wfloat-conversion -Wpointer-arith -Werror -Wtype-limits -c -o /tmp/vpx-conf-23504-29351.o /tmp/vpx-conf-23504-29351.c
check_cxxflags -Wcast-qual
check_cxx -Werror -Wcast-qual
BEGIN /tmp/vpx-conf-23504-29351.cc
     1	int x;
END /tmp/vpx-conf-23504-29351.cc
/home/martin/Desktop/android-ndk-r14b/toolchains/arm-linux-androideabi-4.9/prebuilt/linux-x86_64/bin/arm-linux-androideabi-g++ --sysroot=/home/martin/Desktop/android-ndk-r14b/platforms/android-24/arch-arm -DNDEBUG -O3 -fPIC -Wall -Wdisabled-optimization -Wfloat-conversion -Wpointer-arith -Wtype-limits -Werror -Wcast-qual -c -o /tmp/vpx-conf-23504-29351.o /tmp/vpx-conf-23504-29351.cc
check_cflags -Wcast-qual
check_cc -Werror -Wcast-qual
BEGIN /tmp/vpx-conf-23504-29351.c
     1	int x;
END /tmp/vpx-conf-23504-29351.c
/home/martin/Desktop/android-ndk-r14b/toolchains/arm-linux-androideabi-4.9/prebuilt/linux-x86_64/bin/arm-linux-androideabi-gcc --sysroot=/home/martin/Desktop/android-ndk-r14b/platforms/android-24/arch-arm -DNDEBUG -O3 -fPIC -Wall -Wdeclaration-after-statement -Wdisabled-optimization -Wfloat-conversion -Wpointer-arith -Wtype-limits -Werror -Wcast-qual -c -o /tmp/vpx-conf-23504-29351.o /tmp/vpx-conf-23504-29351.c
check_cxxflags -Wvla
check_cxx -Werror -Wvla
BEGIN /tmp/vpx-conf-23504-29351.cc
     1	int x;
END /tmp/vpx-conf-23504-29351.cc
/home/martin/Desktop/android-ndk-r14b/toolchains/arm-linux-androideabi-4.9/prebuilt/linux-x86_64/bin/arm-linux-androideabi-g++ --sysroot=/home/martin/Desktop/android-ndk-r14b/platforms/android-24/arch-arm -DNDEBUG -O3 -fPIC -Wall -Wdisabled-optimization -Wfloat-conversion -Wpointer-arith -Wtype-limits -Wcast-qual -Werror -Wvla -c -o /tmp/vpx-conf-23504-29351.o /tmp/vpx-conf-23504-29351.cc
check_cflags -Wvla
check_cc -Werror -Wvla
BEGIN /tmp/vpx-conf-23504-29351.c
     1	int x;
END /tmp/vpx-conf-23504-29351.c
/home/martin/Desktop/android-ndk-r14b/toolchains/arm-linux-androideabi-4.9/prebuilt/linux-x86_64/bin/arm-linux-androideabi-gcc --sysroot=/home/martin/Desktop/android-ndk-r14b/platforms/android-24/arch-arm -DNDEBUG -O3 -fPIC -Wall -Wdeclaration-after-statement -Wdisabled-optimization -Wfloat-conversion -Wpointer-arith -Wtype-limits -Wcast-qual -Werror -Wvla -c -o /tmp/vpx-conf-23504-29351.o /tmp/vpx-conf-23504-29351.c
check_cxxflags -Wimplicit-function-declaration
check_cxx -Werror -Wimplicit-function-declaration
BEGIN /tmp/vpx-conf-23504-29351.cc
     1	int x;
END /tmp/vpx-conf-23504-29351.cc
/home/martin/Desktop/android-ndk-r14b/toolchains/arm-linux-androideabi-4.9/prebuilt/linux-x86_64/bin/arm-linux-androideabi-g++ --sysroot=/home/martin/Desktop/android-ndk-r14b/platforms/android-24/arch-arm -DNDEBUG -O3 -fPIC -Wall -Wdisabled-optimization -Wfloat-conversion -Wpointer-arith -Wtype-limits -Wcast-qual -Wvla -Werror -Wimplicit-function-declaration -c -o /tmp/vpx-conf-23504-29351.o /tmp/vpx-conf-23504-29351.cc
cc1plus: error: command line option '-Wimplicit-function-declaration' is valid for C/ObjC but not for C++ [-Werror]
cc1plus: all warnings being treated as errors
check_cflags -Wimplicit-function-declaration
check_cc -Werror -Wimplicit-function-declaration
BEGIN /tmp/vpx-conf-23504-29351.c
     1	int x;
END /tmp/vpx-conf-23504-29351.c
/home/martin/Desktop/android-ndk-r14b/toolchains/arm-linux-androideabi-4.9/prebuilt/linux-x86_64/bin/arm-linux-androideabi-gcc --sysroot=/home/martin/Desktop/android-ndk-r14b/platforms/android-24/arch-arm -DNDEBUG -O3 -fPIC -Wall -Wdeclaration-after-statement -Wdisabled-optimization -Wfloat-conversion -Wpointer-arith -Wtype-limits -Wcast-qual -Wvla -Werror -Wimplicit-function-declaration -c -o /tmp/vpx-conf-23504-29351.o /tmp/vpx-conf-23504-29351.c
check_cxxflags -Wuninitialized
check_cxx -Werror -Wuninitialized
BEGIN /tmp/vpx-conf-23504-29351.cc
     1	int x;
END /tmp/vpx-conf-23504-29351.cc
/home/martin/Desktop/android-ndk-r14b/toolchains/arm-linux-androideabi-4.9/prebuilt/linux-x86_64/bin/arm-linux-androideabi-g++ --sysroot=/home/martin/Desktop/android-ndk-r14b/platforms/android-24/arch-arm -DNDEBUG -O3 -fPIC -Wall -Wdisabled-optimization -Wfloat-conversion -Wpointer-arith -Wtype-limits -Wcast-qual -Wvla -Werror -Wuninitialized -c -o /tmp/vpx-conf-23504-29351.o /tmp/vpx-conf-23504-29351.cc
check_cflags -Wuninitialized
check_cc -Werror -Wuninitialized
BEGIN /tmp/vpx-conf-23504-29351.c
     1	int x;
END /tmp/vpx-conf-23504-29351.c
/home/martin/Desktop/android-ndk-r14b/toolchains/arm-linux-androideabi-4.9/prebuilt/linux-x86_64/bin/arm-linux-androideabi-gcc --sysroot=/home/martin/Desktop/android-ndk-r14b/platforms/android-24/arch-arm -DNDEBUG -O3 -fPIC -Wall -Wdeclaration-after-statement -Wdisabled-optimization -Wfloat-conversion -Wpointer-arith -Wtype-limits -Wcast-qual -Wvla -Wimplicit-function-declaration -Werror -Wuninitialized -c -o /tmp/vpx-conf-23504-29351.o /tmp/vpx-conf-23504-29351.c
check_cxxflags -Wunused
check_cxx -Werror -Wunused
BEGIN /tmp/vpx-conf-23504-29351.cc
     1	int x;
END /tmp/vpx-conf-23504-29351.cc
/home/martin/Desktop/android-ndk-r14b/toolchains/arm-linux-androideabi-4.9/prebuilt/linux-x86_64/bin/arm-linux-androideabi-g++ --sysroot=/home/martin/Desktop/android-ndk-r14b/platforms/android-24/arch-arm -DNDEBUG -O3 -fPIC -Wall -Wdisabled-optimization -Wfloat-conversion -Wpointer-arith -Wtype-limits -Wcast-qual -Wvla -Wuninitialized -Werror -Wunused -c -o /tmp/vpx-conf-23504-29351.o /tmp/vpx-conf-23504-29351.cc
check_cflags -Wunused
check_cc -Werror -Wunused
BEGIN /tmp/vpx-conf-23504-29351.c
     1	int x;
END /tmp/vpx-conf-23504-29351.c
/home/martin/Desktop/android-ndk-r14b/toolchains/arm-linux-androideabi-4.9/prebuilt/linux-x86_64/bin/arm-linux-androideabi-gcc --sysroot=/home/martin/Desktop/android-ndk-r14b/platforms/android-24/arch-arm -DNDEBUG -O3 -fPIC -Wall -Wdeclaration-after-statement -Wdisabled-optimization -Wfloat-conversion -Wpointer-arith -Wtype-limits -Wcast-qual -Wvla -Wimplicit-function-declaration -Wuninitialized -Werror -Wunused -c -o /tmp/vpx-conf-23504-29351.o /tmp/vpx-conf-23504-29351.c
check_cxxflags -Wextra
check_cxx -Werror -Wextra
BEGIN /tmp/vpx-conf-23504-29351.cc
     1	int x;
END /tmp/vpx-conf-23504-29351.cc
/home/martin/Desktop/android-ndk-r14b/toolchains/arm-linux-androideabi-4.9/prebuilt/linux-x86_64/bin/arm-linux-androideabi-g++ --sysroot=/home/martin/Desktop/android-ndk-r14b/platforms/android-24/arch-arm -DNDEBUG -O3 -fPIC -Wall -Wdisabled-optimization -Wfloat-conversion -Wpointer-arith -Wtype-limits -Wcast-qual -Wvla -Wuninitialized -Wunused -Werror -Wextra -c -o /tmp/vpx-conf-23504-29351.o /tmp/vpx-conf-23504-29351.cc
check_cflags -Wextra
check_cc -Werror -Wextra
BEGIN /tmp/vpx-conf-23504-29351.c
     1	int x;
END /tmp/vpx-conf-23504-29351.c
/home/martin/Desktop/android-ndk-r14b/toolchains/arm-linux-androideabi-4.9/prebuilt/linux-x86_64/bin/arm-linux-androideabi-gcc --sysroot=/home/martin/Desktop/android-ndk-r14b/platforms/android-24/arch-arm -DNDEBUG -O3 -fPIC -Wall -Wdeclaration-after-statement -Wdisabled-optimization -Wfloat-conversion -Wpointer-arith -Wtype-limits -Wcast-qual -Wvla -Wimplicit-function-declaration -Wuninitialized -Wunused -Werror -Wextra -c -o /tmp/vpx-conf-23504-29351.o /tmp/vpx-conf-23504-29351.c
check_cflags -Wundef
check_cc -Werror -Wundef
BEGIN /tmp/vpx-conf-23504-29351.c
     1	int x;
END /tmp/vpx-conf-23504-29351.c
/home/martin/Desktop/android-ndk-r14b/toolchains/arm-linux-androideabi-4.9/prebuilt/linux-x86_64/bin/arm-linux-androideabi-gcc --sysroot=/home/martin/Desktop/android-ndk-r14b/platforms/android-24/arch-arm -DNDEBUG -O3 -fPIC -Wall -Wdeclaration-after-statement -Wdisabled-optimization -Wfloat-conversion -Wpointer-arith -Wtype-limits -Wcast-qual -Wvla -Wimplicit-function-declaration -Wuninitialized -Wunused -Wextra -Werror -Wundef -c -o /tmp/vpx-conf-23504-29351.o /tmp/vpx-conf-23504-29351.c
check_cflags -Wshorten-64-to-32
check_cc -Werror -Wshorten-64-to-32
BEGIN /tmp/vpx-conf-23504-29351.c
     1	int x;
END /tmp/vpx-conf-23504-29351.c
/home/martin/Desktop/android-ndk-r14b/toolchains/arm-linux-androideabi-4.9/prebuilt/linux-x86_64/bin/arm-linux-androideabi-gcc --sysroot=/home/martin/Desktop/android-ndk-r14b/platforms/android-24/arch-arm -DNDEBUG -O3 -fPIC -Wall -Wdeclaration-after-statement -Wdisabled-optimization -Wfloat-conversion -Wpointer-arith -Wtype-limits -Wcast-qual -Wvla -Wimplicit-function-declaration -Wuninitialized -Wunused -Wextra -Wundef -Werror -Wshorten-64-to-32 -c -o /tmp/vpx-conf-23504-29351.o /tmp/vpx-conf-23504-29351.c
arm-linux-androideabi-gcc: error: unrecognized command line option '-Wshorten-64-to-32'
  enabling webm_io
check_cxxflags -isystem /home/martin/Desktop/android-ndk-r14b/sysroot/usr/include/arm-linux-androideabi -isystem /home/martin/Desktop/android-ndk-r14b/sysroot/usr/include
check_cxx -Werror -isystem /home/martin/Desktop/android-ndk-r14b/sysroot/usr/include/arm-linux-androideabi -isystem /home/martin/Desktop/android-ndk-r14b/sysroot/usr/include
BEGIN /tmp/vpx-conf-23504-29351.cc
     1	int x;
END /tmp/vpx-conf-23504-29351.cc
/home/martin/Desktop/android-ndk-r14b/toolchains/arm-linux-androideabi-4.9/prebuilt/linux-x86_64/bin/arm-linux-androideabi-g++ --sysroot=/home/martin/Desktop/android-ndk-r14b/platforms/android-24/arch-arm -DNDEBUG -O3 -fPIC -Wall -Wdisabled-optimization -Wfloat-conversion -Wpointer-arith -Wtype-limits -Wcast-qual -Wvla -Wuninitialized -Wunused -Wextra -Werror -isystem /home/martin/Desktop/android-ndk-r14b/sysroot/usr/include/arm-linux-androideabi -isystem /home/martin/Desktop/android-ndk-r14b/sysroot/usr/include -c -o /tmp/vpx-conf-23504-29351.o /tmp/vpx-conf-23504-29351.cc
check_cflags -isystem /home/martin/Desktop/android-ndk-r14b/sysroot/usr/include/arm-linux-androideabi -isystem /home/martin/Desktop/android-ndk-r14b/sysroot/usr/include
check_cc -Werror -isystem /home/martin/Desktop/android-ndk-r14b/sysroot/usr/include/arm-linux-androideabi -isystem /home/martin/Desktop/android-ndk-r14b/sysroot/usr/include
BEGIN /tmp/vpx-conf-23504-29351.c
     1	int x;
END /tmp/vpx-conf-23504-29351.c
/home/martin/Desktop/android-ndk-r14b/toolchains/arm-linux-androideabi-4.9/prebuilt/linux-x86_64/bin/arm-linux-androideabi-gcc --sysroot=/home/martin/Desktop/android-ndk-r14b/platforms/android-24/arch-arm -DNDEBUG -O3 -fPIC -Wall -Wdeclaration-after-statement -Wdisabled-optimization -Wfloat-conversion -Wpointer-arith -Wtype-limits -Wcast-qual -Wvla -Wimplicit-function-declaration -Wuninitialized -Wunused -Wextra -Wundef -Werror -isystem /home/martin/Desktop/android-ndk-r14b/sysroot/usr/include/arm-linux-androideabi -isystem /home/martin/Desktop/android-ndk-r14b/sysroot/usr/include -c -o /tmp/vpx-conf-23504-29351.o /tmp/vpx-conf-23504-29351.c
check_header stdio.h
check_cpp
BEGIN /tmp/vpx-conf-23504-29351.c
     1	#include "stdio.h"
     2	int x;
END /tmp/vpx-conf-23504-29351.c
/home/martin/Desktop/android-ndk-r14b/toolchains/arm-linux-androideabi-4.9/prebuilt/linux-x86_64/bin/arm-linux-androideabi-gcc --sysroot=/home/martin/Desktop/android-ndk-r14b/platforms/android-24/arch-arm -DNDEBUG -O3 -fPIC -Wall -Wdeclaration-after-statement -Wdisabled-optimization -Wfloat-conversion -Wpointer-arith -Wtype-limits -Wcast-qual -Wvla -Wimplicit-function-declaration -Wuninitialized -Wunused -Wextra -Wundef -isystem /home/martin/Desktop/android-ndk-r14b/sysroot/usr/include/arm-linux-androideabi -isystem /home/martin/Desktop/android-ndk-r14b/sysroot/usr/include -E -o /tmp/vpx-conf-23504-29351.o /tmp/vpx-conf-23504-29351.c
check_ld
check_cc
BEGIN /tmp/vpx-conf-23504-29351.c
     1	int main(void) {return 0;}
END /tmp/vpx-conf-23504-29351.c
/home/martin/Desktop/android-ndk-r14b/toolchains/arm-linux-androideabi-4.9/prebuilt/linux-x86_64/bin/arm-linux-androideabi-gcc --sysroot=/home/martin/Desktop/android-ndk-r14b/platforms/android-24/arch-arm -DNDEBUG -O3 -fPIC -Wall -Wdeclaration-after-statement -Wdisabled-optimization -Wfloat-conversion -Wpointer-arith -Wtype-limits -Wcast-qual -Wvla -Wimplicit-function-declaration -Wuninitialized -Wunused -Wextra -Wundef -isystem /home/martin/Desktop/android-ndk-r14b/sysroot/usr/include/arm-linux-androideabi -isystem /home/martin/Desktop/android-ndk-r14b/sysroot/usr/include -c -o /tmp/vpx-conf-23504-29351.o /tmp/vpx-conf-23504-29351.c
/home/martin/Desktop/android-ndk-r14b/toolchains/arm-linux-androideabi-4.9/prebuilt/linux-x86_64/bin/arm-linux-androideabi-g++ --sysroot=/home/martin/Desktop/android-ndk-r14b/platforms/android-24/arch-arm -Wl,--fix-cortex-a8 -o /tmp/vpx-conf-23504-29351.x /tmp/vpx-conf-23504-29351.o
check_header pthread.h
check_cpp
BEGIN /tmp/vpx-conf-23504-29351.c
     1	#include "pthread.h"
     2	int x;
END /tmp/vpx-conf-23504-29351.c
/home/martin/Desktop/android-ndk-r14b/toolchains/arm-linux-androideabi-4.9/prebuilt/linux-x86_64/bin/arm-linux-androideabi-gcc --sysroot=/home/martin/Desktop/android-ndk-r14b/platforms/android-24/arch-arm -DNDEBUG -O3 -fPIC -Wall -Wdeclaration-after-statement -Wdisabled-optimization -Wfloat-conversion -Wpointer-arith -Wtype-limits -Wcast-qual -Wvla -Wimplicit-function-declaration -Wuninitialized -Wunused -Wextra -Wundef -isystem /home/martin/Desktop/android-ndk-r14b/sysroot/usr/include/arm-linux-androideabi -isystem /home/martin/Desktop/android-ndk-r14b/sysroot/usr/include -E -o /tmp/vpx-conf-23504-29351.o /tmp/vpx-conf-23504-29351.c
check_header unistd.h
check_cpp
BEGIN /tmp/vpx-conf-23504-29351.c
     1	#include "unistd.h"
     2	int x;
END /tmp/vpx-conf-23504-29351.c
/home/martin/Desktop/android-ndk-r14b/toolchains/arm-linux-androideabi-4.9/prebuilt/linux-x86_64/bin/arm-linux-androideabi-gcc --sysroot=/home/martin/Desktop/android-ndk-r14b/platforms/android-24/arch-arm -DNDEBUG -O3 -fPIC -Wall -Wdeclaration-after-statement -Wdisabled-optimization -Wfloat-conversion -Wpointer-arith -Wtype-limits -Wcast-qual -Wvla -Wimplicit-function-declaration -Wuninitialized -Wunused -Wextra -Wundef -isystem /home/martin/Desktop/android-ndk-r14b/sysroot/usr/include/arm-linux-androideabi -isystem /home/martin/Desktop/android-ndk-r14b/sysroot/usr/include -E -o /tmp/vpx-conf-23504-29351.o /tmp/vpx-conf-23504-29351.c
check_header vpx/vpx_integer.h -I../../libvpx
check_cpp -I../../libvpx
BEGIN /tmp/vpx-conf-23504-29351.c
     1	#include "vpx/vpx_integer.h"
     2	int x;
END /tmp/vpx-conf-23504-29351.c
/home/martin/Desktop/android-ndk-r14b/toolchains/arm-linux-androideabi-4.9/prebuilt/linux-x86_64/bin/arm-linux-androideabi-gcc --sysroot=/home/martin/Desktop/android-ndk-r14b/platforms/android-24/arch-arm -DNDEBUG -O3 -fPIC -Wall -Wdeclaration-after-statement -Wdisabled-optimization -Wfloat-conversion -Wpointer-arith -Wtype-limits -Wcast-qual -Wvla -Wimplicit-function-declaration -Wuninitialized -Wunused -Wextra -Wundef -isystem /home/martin/Desktop/android-ndk-r14b/sysroot/usr/include/arm-linux-androideabi -isystem /home/martin/Desktop/android-ndk-r14b/sysroot/usr/include -I../../libvpx -E -o /tmp/vpx-conf-23504-29351.o /tmp/vpx-conf-23504-29351.c
